<?xml version="1.0" encoding="UTF-8"?>
<!-- Generated by org.testng.reporters.JUnitReportReporter -->
<testsuite hostname="LAPTOP-A4ROGLP3" failures="0" tests="1" name="Com.Hms.TestYantratest.Manage_Patient_HistorTest" time="13.916" errors="0" timestamp="2023-07-13T18:14:23 IST" skipped="0">
  <testcase classname="Com.Hms.TestYantratest.Manage_Patient_HistorTest" name="history" time="13.916"/>
  <system-out/>
</testsuite> <!-- Com.Hms.TestYantratest.Manage_Patient_HistorTest -->
