<?xml version="1.0" encoding="UTF-8"?>
<!-- Generated by org.testng.reporters.JUnitReportReporter -->
<testsuite hostname="LAPTOP-A4ROGLP3" failures="0" tests="1" name="practice.BrokenLinkFind" time="192.864" errors="0" timestamp="2023-09-13T00:12:30 IST" skipped="0">
  <testcase classname="practice.BrokenLinkFind" name="brokenlink" time="192.864"/>
  <system-out/>
</testsuite> <!-- practice.BrokenLinkFind -->
