<?xml version="1.0" encoding="UTF-8"?>
<!-- Generated by org.testng.reporters.JUnitReportReporter -->
<testsuite hostname="LAPTOP-A4ROGLP3" failures="0" tests="1" name="practice.SwitchToWindowBasedOnUrl" time="12.307" errors="0" timestamp="2023-09-07T21:03:45 IST" skipped="0">
  <testcase classname="practice.SwitchToWindowBasedOnUrl" name="switchWindow" time="12.307"/>
  <system-out/>
</testsuite> <!-- practice.SwitchToWindowBasedOnUrl -->
