<?xml version="1.0" encoding="UTF-8"?>
<!-- Generated by org.testng.reporters.JUnitReportReporter -->
<testsuite hostname="LAPTOP-A4ROGLP3" failures="0" tests="1" name="practice.JsonFile" time="0.014" errors="0" timestamp="2023-07-13T10:11:16 IST" skipped="0">
  <testcase classname="practice.JsonFile" name="jsonfile" time="0.014"/>
  <system-out/>
</testsuite> <!-- practice.JsonFile -->
