<?xml version="1.0" encoding="UTF-8"?>
<!-- Generated by org.testng.reporters.JUnitReportReporter -->
<testsuite hostname="LAPTOP-A4ROGLP3" failures="0" tests="3" name="ParallelTesting.Flipkart" time="34.066" errors="0" timestamp="2023-09-11T23:53:24 IST" skipped="0">
  <testcase classname="ParallelTesting.Flipkart" name="flipkart" time="4.733"/>
  <system-out/>
  <testcase classname="ParallelTesting.Flipkart" name="flipkart" time="9.277"/>
  <system-out/>
  <testcase classname="ParallelTesting.Flipkart" name="flipkart" time="20.056"/>
  <system-out/>
</testsuite> <!-- ParallelTesting.Flipkart -->
