<?xml version="1.0" encoding="UTF-8"?>
<!-- Generated by org.testng.reporters.JUnitReportReporter -->
<testsuite hostname="LAPTOP-A4ROGLP3" failures="0" tests="1" name="practice.Scenario1" time="7.374" errors="0" timestamp="2023-08-18T11:54:09 IST" skipped="0">
  <testcase classname="practice.Scenario1" name="task" time="7.374"/>
  <system-out/>
</testsuite> <!-- practice.Scenario1 -->
