<?xml version="1.0" encoding="UTF-8"?>
<!-- Generated by org.testng.reporters.JUnitReportReporter -->
<testsuite hostname="LAPTOP-A4ROGLP3" failures="0" tests="1" name="practice.AmazonTask" time="7.337" errors="0" timestamp="2023-09-07T20:24:14 IST" skipped="0">
  <testcase classname="practice.AmazonTask" name="amazon" time="7.337"/>
  <system-out/>
</testsuite> <!-- practice.AmazonTask -->
