<?xml version="1.0" encoding="UTF-8"?>
<!-- Generated by org.testng.reporters.JUnitReportReporter -->
<testsuite hostname="LAPTOP-A4ROGLP3" failures="0" tests="3" name="ParallelTesting.MakeMyTrip" time="33.558" errors="0" timestamp="2023-09-11T23:53:24 IST" skipped="0">
  <testcase classname="ParallelTesting.MakeMyTrip" name="trip" time="11.677"/>
  <system-out/>
  <testcase classname="ParallelTesting.MakeMyTrip" name="trip" time="10.163"/>
  <system-out/>
  <testcase classname="ParallelTesting.MakeMyTrip" name="trip" time="11.718"/>
  <system-out/>
</testsuite> <!-- ParallelTesting.MakeMyTrip -->
