<?xml version="1.0" encoding="UTF-8"?>
<!-- Generated by org.testng.reporters.JUnitReportReporter -->
<testsuite hostname="LAPTOP-A4ROGLP3" failures="0" tests="1" name="practice.DataBaseScenarioTask" time="0.508" errors="0" timestamp="2023-09-11T21:20:19 IST" skipped="0">
  <testcase classname="practice.DataBaseScenarioTask" name="createTable" time="0.508"/>
  <system-out/>
</testsuite> <!-- practice.DataBaseScenarioTask -->
