<?xml version="1.0" encoding="UTF-8"?>
<!-- Generated by org.testng.reporters.JUnitReportReporter -->
<testsuite hostname="LAPTOP-A4ROGLP3" failures="0" tests="1" name="practice.MyntraTask" time="34.828" errors="0" timestamp="2023-09-28T00:35:29 IST" skipped="0">
  <testcase classname="practice.MyntraTask" name="myntra" time="34.828"/>
  <system-out/>
</testsuite> <!-- practice.MyntraTask -->
