<?xml version="1.0" encoding="UTF-8"?>
<!-- Generated by org.testng.reporters.JUnitReportReporter -->
<testsuite hostname="LAPTOP-A4ROGLP3" failures="0" tests="3" name="ParallelTesting.Icc" time="27.128" errors="0" timestamp="2023-09-11T23:53:24 IST" skipped="0">
  <testcase classname="ParallelTesting.Icc" name="icc" time="7.366"/>
  <system-out/>
  <testcase classname="ParallelTesting.Icc" name="icc" time="10.542"/>
  <system-out/>
  <testcase classname="ParallelTesting.Icc" name="icc" time="9.220"/>
  <system-out/>
</testsuite> <!-- ParallelTesting.Icc -->
