<?xml version="1.0" encoding="UTF-8"?>
<!-- Generated by org.testng.reporters.JUnitReportReporter -->
<testsuite hostname="LAPTOP-A4ROGLP3" failures="0" tests="1" name="practice.JsonFile" time="0.024" errors="0" timestamp="2023-08-10T15:32:42 IST" skipped="0">
  <testcase classname="practice.JsonFile" name="jsonfile" time="0.024"/>
  <system-out/>
</testsuite> <!-- practice.JsonFile -->
