<?xml version="1.0" encoding="UTF-8"?>
<!-- Generated by org.testng.reporters.JUnitReportReporter -->
<testsuite hostname="LAPTOP-A4ROGLP3" failures="0" tests="1" name="Com.Hms.TestYantratest.Integration_between_Doctor_and_PateintTest" time="24.768" errors="0" timestamp="2023-07-13T18:14:23 IST" skipped="0">
  <testcase classname="Com.Hms.TestYantratest.Integration_between_Doctor_and_PateintTest" name="doctor" time="24.768"/>
  <system-out/>
</testsuite> <!-- Com.Hms.TestYantratest.Integration_between_Doctor_and_PateintTest -->
