<?xml version="1.0" encoding="UTF-8"?>
<!-- Generated by org.testng.reporters.JUnitReportReporter -->
<testsuite hostname="LAPTOP-A4ROGLP3" failures="0" tests="1" name="HMS.HealthCare.TY.Pro" time="0.018" errors="0" timestamp="2023-06-29T16:44:18 IST" skipped="0">
  <testcase classname="HMS.HealthCare.TY.Pro" name="jsonfile" time="0.018"/>
  <system-out/>
</testsuite> <!-- HMS.HealthCare.TY.Pro -->
