<?xml version="1.0" encoding="UTF-8"?>
<!-- Generated by org.testng.reporters.JUnitReportReporter -->
<testsuite hostname="LAPTOP-A4ROGLP3" failures="0" tests="11" name="practice.FetchDataFromExcelByDataProvider" time="65.835" errors="0" timestamp="2023-09-15T21:18:29 IST" skipped="0">
  <testcase classname="practice.FetchDataFromExcelByDataProvider" name="use" time="5.974"/>
  <system-out/>
  <testcase classname="practice.FetchDataFromExcelByDataProvider" name="use" time="5.878"/>
  <system-out/>
  <testcase classname="practice.FetchDataFromExcelByDataProvider" name="use" time="5.711"/>
  <system-out/>
  <testcase classname="practice.FetchDataFromExcelByDataProvider" name="use" time="5.763"/>
  <system-out/>
  <testcase classname="practice.FetchDataFromExcelByDataProvider" name="use" time="5.772"/>
  <system-out/>
  <testcase classname="practice.FetchDataFromExcelByDataProvider" name="use" time="5.554"/>
  <system-out/>
  <testcase classname="practice.FetchDataFromExcelByDataProvider" name="use" time="5.699"/>
  <system-out/>
  <testcase classname="practice.FetchDataFromExcelByDataProvider" name="use" time="6.101"/>
  <system-out/>
  <testcase classname="practice.FetchDataFromExcelByDataProvider" name="use" time="5.760"/>
  <system-out/>
  <testcase classname="practice.FetchDataFromExcelByDataProvider" name="use" time="6.834"/>
  <system-out/>
  <testcase classname="practice.FetchDataFromExcelByDataProvider" name="use" time="6.789"/>
  <system-out/>
</testsuite> <!-- practice.FetchDataFromExcelByDataProvider -->
