<?xml version="1.0" encoding="UTF-8"?>
<!-- Generated by org.testng.reporters.JUnitReportReporter -->
<testsuite hostname="LAPTOP-A4ROGLP3" failures="0" tests="1" name="practice.Exm" time="0.044" errors="0" timestamp="2023-09-12T21:18:16 IST" skipped="0">
  <testcase classname="practice.Exm" name="calender" time="0.044"/>
  <system-out/>
</testsuite> <!-- practice.Exm -->
