<?xml version="1.0" encoding="UTF-8"?>
<!-- Generated by org.testng.reporters.JUnitReportReporter -->
<testsuite hostname="LAPTOP-A4ROGLP3" failures="0" tests="3" name="ParallelTesting.Amazon" time="29.533" errors="0" timestamp="2023-09-11T23:53:24 IST" skipped="0">
  <testcase classname="ParallelTesting.Amazon" name="amazon" time="3.167"/>
  <system-out/>
  <testcase classname="ParallelTesting.Amazon" name="amazon" time="12.179"/>
  <system-out/>
  <testcase classname="ParallelTesting.Amazon" name="amazon" time="14.187"/>
  <system-out/>
</testsuite> <!-- ParallelTesting.Amazon -->
