<?xml version="1.0" encoding="UTF-8"?>
<!-- Generated by org.testng.reporters.JUnitReportReporter -->
<testsuite hostname="LAPTOP-A4ROGLP3" failures="0" tests="1" name="practice.ModayTask" time="47.235" errors="0" timestamp="2023-08-21T10:05:46 IST" skipped="0">
  <testcase classname="practice.ModayTask" name="task" time="47.235"/>
  <system-out/>
</testsuite> <!-- practice.ModayTask -->
