<?xml version="1.0" encoding="UTF-8"?>
<!-- Generated by org.testng.reporters.JUnitReportReporter -->
<testsuite hostname="LAPTOP-A4ROGLP3" failures="0" tests="1" name="practice.ScreenshotForAnEliment" time="8.898" errors="0" timestamp="2023-09-30T21:46:54 IST" skipped="0">
  <testcase classname="practice.ScreenshotForAnEliment" name="take" time="8.898"/>
  <system-out/>
</testsuite> <!-- practice.ScreenshotForAnEliment -->
