<?xml version="1.0" encoding="UTF-8"?>
<!-- Generated by org.testng.reporters.JUnitReportReporter -->
<testsuite hostname="LAPTOP-A4ROGLP3" failures="0" tests="1" name="Com.Hms.TestYantratest.Check_ReportTest" time="11.134" errors="0" timestamp="2023-07-13T18:14:23 IST" skipped="0">
  <testcase classname="Com.Hms.TestYantratest.Check_ReportTest" name="report" time="11.134"/>
  <system-out/>
</testsuite> <!-- Com.Hms.TestYantratest.Check_ReportTest -->
