<?xml version="1.0" encoding="UTF-8"?>
<!-- Generated by org.testng.reporters.JUnitReportReporter -->
<testsuite hostname="LAPTOP-A4ROGLP3" failures="0" tests="1" name="HMS.HealthCare.TY.JsonFile" time="0.011" errors="0" timestamp="2023-07-01T10:35:36 IST" skipped="0">
  <testcase classname="HMS.HealthCare.TY.JsonFile" name="jsonfile" time="0.011"/>
  <system-out/>
</testsuite> <!-- HMS.HealthCare.TY.JsonFile -->
