<?xml version="1.0" encoding="UTF-8"?>
<!-- Generated by org.testng.reporters.JUnitReportReporter -->
<testsuite hostname="LAPTOP-A4ROGLP3" failures="0" tests="1" name="practice.BrokenLinkFind" time="77.121" errors="0" timestamp="2023-10-06T00:20:46 IST" skipped="0">
  <testcase classname="practice.BrokenLinkFind" name="brokenlink" time="77.121"/>
  <system-out/>
</testsuite> <!-- practice.BrokenLinkFind -->
