<?xml version="1.0" encoding="UTF-8"?>
<!-- Generated by org.testng.reporters.JUnitReportReporter -->
<testsuite hostname="LAPTOP-A4ROGLP3" failures="0" tests="1" name="practice.IGP_COM" time="11.252" errors="0" timestamp="2023-08-31T11:01:33 IST" skipped="0">
  <testcase classname="practice.IGP_COM" name="igp" time="11.252"/>
  <system-out/>
</testsuite> <!-- practice.IGP_COM -->
