<?xml version="1.0" encoding="UTF-8"?>
<!-- Generated by org.testng.reporters.JUnitReportReporter -->
<testsuite hostname="LAPTOP-A4ROGLP3" failures="0" tests="1" name="practice.Money_Control_Graph_Automate" time="52.987" errors="0" timestamp="2023-08-31T22:43:50 IST" skipped="0">
  <testcase classname="practice.Money_Control_Graph_Automate" name="moneycontrol" time="52.987"/>
  <system-out/>
</testsuite> <!-- practice.Money_Control_Graph_Automate -->
