<?xml version="1.0" encoding="UTF-8"?>
<!-- Generated by org.testng.reporters.JUnitReportReporter -->
<testsuite hostname="LAPTOP-A4ROGLP3" failures="0" tests="1" name="practice.Exm" time="8.214" errors="0" timestamp="2023-09-29T12:30:53 IST" skipped="0">
  <testcase classname="practice.Exm" name="amzon" time="8.214"/>
  <system-out/>
</testsuite> <!-- practice.Exm -->
