<?xml version="1.0" encoding="UTF-8"?>
<!-- Generated by org.testng.reporters.JUnitReportReporter -->
<testsuite hostname="LAPTOP-A4ROGLP3" failures="0" tests="1" name="Parallel_And_CrossBrowser_Testing.Flipkart" time="3.860" errors="0" timestamp="2023-09-20T12:33:01 IST" skipped="0">
  <testcase classname="Parallel_And_CrossBrowser_Testing.Flipkart" name="flipkart" time="3.860"/>
  <system-out/>
</testsuite> <!-- Parallel_And_CrossBrowser_Testing.Flipkart -->
