<?xml version="1.0" encoding="UTF-8"?>
<!-- Generated by org.testng.reporters.JUnitReportReporter -->
<testsuite hostname="LAPTOP-A4ROGLP3" failures="0" tests="4" name="Parallel_And_CrossBrowser_Testing.Amazon" time="31.657" errors="0" timestamp="2023-09-20T12:36:27 IST" skipped="0">
  <testcase classname="Parallel_And_CrossBrowser_Testing.Amazon" name="icc" time="7.512"/>
  <system-out/>
  <testcase classname="Parallel_And_CrossBrowser_Testing.Amazon" name="flipkart" time="8.237"/>
  <system-out/>
  <testcase classname="Parallel_And_CrossBrowser_Testing.Amazon" name="trip" time="6.849"/>
  <system-out/>
  <testcase classname="Parallel_And_CrossBrowser_Testing.Amazon" name="amazon" time="9.059"/>
  <system-out/>
</testsuite> <!-- Parallel_And_CrossBrowser_Testing.Amazon -->
